<?xml version="1.0" encoding="UTF-8"?>
<testsuite name="unit.BowlingTests" tests="5" skipped="0" failures="0" errors="0" timestamp="2021-02-10T04:42:03" hostname="DESKTOP-4MJMVG9" time="0.03">
  <properties/>
  <testcase name="HookUp()" classname="unit.BowlingTests" time="0.023"/>
  <testcase name="strikes()" classname="unit.BowlingTests" time="0.002"/>
  <testcase name="spares()" classname="unit.BowlingTests" time="0.0"/>
  <testcase name="AllGutterBallsScores0()" classname="unit.BowlingTests" time="0.001"/>
  <testcase name="onePinOnly()" classname="unit.BowlingTests" time="0.001"/>
  <system-out><![CDATA[]]></system-out>
  <system-err><![CDATA[]]></system-err>
</testsuite>
